<?xml version="1.0" encoding="UTF-8"?>
<!-- Generated by org.testng.reporters.JUnitReportReporter -->
<testsuite hostname="Harishyam" failures="3" tests="13" name="parallel.ParallelCustomerRun" time="45.379" errors="8" timestamp="2024-12-27T04:44:25 IST" skipped="0">
  <testcase classname="parallel.ParallelCustomerRun" name="runScenario" time="12.660"/>
  <testcase classname="parallel.ParallelCustomerRun" name="runScenario" time="5.823">
    <failure message="expected [true] but found [false]" type="java.lang.AssertionError">
      <![CDATA[java.lang.AssertionError: expected [true] but found [false]
at org.testng.Assert.fail(Assert.java:111)
at org.testng.Assert.failNotEquals(Assert.java:1578)
at org.testng.Assert.assertTrue(Assert.java:57)
at org.testng.Assert.assertTrue(Assert.java:67)
at parallel.LoginStepDef.page_title_should_be(LoginStepDef.java:60)
at ✽.Page Title should be "Dashboard"(classpath:parallel/login.feature:36)
]]>
    </failure>
  </testcase> <!-- runScenario -->
  <testcase classname="parallel.ParallelCustomerRun" name="runScenario" time="0.105">
    <error message="Cannot invoke &quot;org.openqa.selenium.WebDriver.manage()&quot; because &quot;this.driver&quot; is null" type="java.lang.NullPointerException">
      <![CDATA[java.lang.NullPointerException: Cannot invoke "org.openqa.selenium.WebDriver.manage()" because "this.driver" is null
at parallel.CustomersStepDef.user_openes_the_url(CustomersStepDef.java:37)
at ✽.User openes the url "https://localhost/opencart/upload/admin/index.php"(classpath:parallel/customers.feature:24)
]]>
    </error>
  </testcase> <!-- runScenario -->
  <testcase classname="parallel.ParallelCustomerRun" name="runScenario" time="6.072">
    <failure message="expected [true] but found [false]" type="java.lang.AssertionError">
      <![CDATA[java.lang.AssertionError: expected [true] but found [false]
at org.testng.Assert.fail(Assert.java:111)
at org.testng.Assert.failNotEquals(Assert.java:1578)
at org.testng.Assert.assertTrue(Assert.java:57)
at org.testng.Assert.assertTrue(Assert.java:67)
at parallel.LoginStepDef.page_title_should_be(LoginStepDef.java:60)
at ✽.Page Title should be "Dashboard"(classpath:parallel/login.feature:36)
]]>
    </failure>
  </testcase> <!-- runScenario -->
  <testcase classname="parallel.ParallelCustomerRun" name="runScenario" time="5.919">
    <failure message="expected [true] but found [false]" type="java.lang.AssertionError">
      <![CDATA[java.lang.AssertionError: expected [true] but found [false]
at org.testng.Assert.fail(Assert.java:111)
at org.testng.Assert.failNotEquals(Assert.java:1578)
at org.testng.Assert.assertTrue(Assert.java:57)
at org.testng.Assert.assertTrue(Assert.java:67)
at parallel.LoginStepDef.page_title_should_be(LoginStepDef.java:60)
at ✽.Page Title should be "Dashboard"(classpath:parallel/login.feature:36)
]]>
    </failure>
  </testcase> <!-- runScenario -->
  <testcase classname="parallel.ParallelCustomerRun" name="runScenario" time="14.749"/>
  <testcase classname="parallel.ParallelCustomerRun" name="runScenario" time="0.008">
    <error message="Cannot invoke &quot;org.openqa.selenium.WebDriver.manage()&quot; because &quot;this.driver&quot; is null" type="java.lang.NullPointerException">
      <![CDATA[java.lang.NullPointerException: Cannot invoke "org.openqa.selenium.WebDriver.manage()" because "this.driver" is null
at parallel.CustomersStepDef.user_openes_the_url(CustomersStepDef.java:37)
at ✽.User openes the url "https://localhost/opencart/upload/admin/index.php"(classpath:parallel/customers.feature:24)
]]>
    </error>
  </testcase> <!-- runScenario -->
  <testcase classname="parallel.ParallelCustomerRun" name="runScenario" time="0.004">
    <error message="Cannot invoke &quot;org.openqa.selenium.WebDriver.manage()&quot; because &quot;this.driver&quot; is null" type="java.lang.NullPointerException">
      <![CDATA[java.lang.NullPointerException: Cannot invoke "org.openqa.selenium.WebDriver.manage()" because "this.driver" is null
at parallel.CustomersStepDef.user_openes_the_url(CustomersStepDef.java:37)
at ✽.User openes the url "https://localhost/opencart/upload/admin/index.php"(classpath:parallel/customers.feature:24)
]]>
    </error>
  </testcase> <!-- runScenario -->
  <testcase classname="parallel.ParallelCustomerRun" name="runScenario" time="0.007">
    <error message="Cannot invoke &quot;org.openqa.selenium.WebDriver.manage()&quot; because &quot;this.driver&quot; is null" type="java.lang.NullPointerException">
      <![CDATA[java.lang.NullPointerException: Cannot invoke "org.openqa.selenium.WebDriver.manage()" because "this.driver" is null
at parallel.CustomersStepDef.user_openes_the_url(CustomersStepDef.java:37)
at ✽.User openes the url "https://localhost/opencart/upload/admin/index.php"(classpath:parallel/customers.feature:24)
]]>
    </error>
  </testcase> <!-- runScenario -->
  <testcase classname="parallel.ParallelCustomerRun" name="runScenario" time="0.008">
    <error message="Cannot invoke &quot;org.openqa.selenium.WebDriver.manage()&quot; because &quot;this.driver&quot; is null" type="java.lang.NullPointerException">
      <![CDATA[java.lang.NullPointerException: Cannot invoke "org.openqa.selenium.WebDriver.manage()" because "this.driver" is null
at parallel.CustomersStepDef.user_openes_the_url(CustomersStepDef.java:37)
at ✽.User openes the url "https://localhost/opencart/upload/admin/index.php"(classpath:parallel/customers.feature:24)
]]>
    </error>
  </testcase> <!-- runScenario -->
  <testcase classname="parallel.ParallelCustomerRun" name="runScenario" time="0.006">
    <error message="Cannot invoke &quot;org.openqa.selenium.WebDriver.manage()&quot; because &quot;this.driver&quot; is null" type="java.lang.NullPointerException">
      <![CDATA[java.lang.NullPointerException: Cannot invoke "org.openqa.selenium.WebDriver.manage()" because "this.driver" is null
at parallel.CustomersStepDef.user_openes_the_url(CustomersStepDef.java:37)
at ✽.User openes the url "https://localhost/opencart/upload/admin/index.php"(classpath:parallel/customers.feature:24)
]]>
    </error>
  </testcase> <!-- runScenario -->
  <testcase classname="parallel.ParallelCustomerRun" name="runScenario" time="0.012">
    <error message="Cannot invoke &quot;org.openqa.selenium.WebDriver.manage()&quot; because &quot;this.driver&quot; is null" type="java.lang.NullPointerException">
      <![CDATA[java.lang.NullPointerException: Cannot invoke "org.openqa.selenium.WebDriver.manage()" because "this.driver" is null
at parallel.CustomersStepDef.user_openes_the_url(CustomersStepDef.java:37)
at ✽.User openes the url "https://localhost/opencart/upload/admin/index.php"(classpath:parallel/customers.feature:24)
]]>
    </error>
  </testcase> <!-- runScenario -->
  <testcase classname="parallel.ParallelCustomerRun" name="runScenario" time="0.006">
    <error message="Cannot invoke &quot;org.openqa.selenium.WebDriver.manage()&quot; because &quot;this.driver&quot; is null" type="java.lang.NullPointerException">
      <![CDATA[java.lang.NullPointerException: Cannot invoke "org.openqa.selenium.WebDriver.manage()" because "this.driver" is null
at parallel.CustomersStepDef.user_openes_the_url(CustomersStepDef.java:37)
at ✽.User openes the url "https://localhost/opencart/upload/admin/index.php"(classpath:parallel/customers.feature:24)
]]>
    </error>
  </testcase> <!-- runScenario -->
</testsuite> <!-- parallel.ParallelCustomerRun -->
